2011/10/30 17:47:35 [error] [exception.CException] exception 'CException' with message 'CAssetManager.basePath "/var/www/blog/assets" is invalid. Please make sure the directory exists and is writable by the Web server process.' in /var/www/yii/framework/web/CAssetManager.php:112
Stack trace:
#0 /var/www/yii/framework/web/CAssetManager.php(97): CAssetManager->setBasePath('/var/www/blog/a...')
#1 /var/www/yii/framework/web/CAssetManager.php(207): CAssetManager->getBasePath()
#2 /var/www/yii/framework/zii/widgets/CListView.php(179): CAssetManager->publish('/var/www/yii/fr...')
#3 /var/www/yii/framework/web/CBaseController.php(140): CListView->init()
#4 /var/www/yii/framework/web/CBaseController.php(165): CBaseController->createWidget('zii.widgets.CLi...', Array)
#5 /var/www/blog/protected/views/post/index.php(9): CBaseController->widget('zii.widgets.CLi...', Array)
#6 /var/www/yii/framework/web/CBaseController.php(119): require('/var/www/blog/p...')
#7 /var/www/yii/framework/web/CBaseController.php(88): CBaseController->renderInternal('/var/www/blog/p...', Array, true)
#8 /var/www/yii/framework/web/CController.php(866): CBaseController->renderFile('/var/www/blog/p...', Array, true)
#9 /var/www/yii/framework/web/CController.php(779): CController->renderPartial('index', Array, true)
#10 /var/www/blog/protected/controllers/PostController.php(136): CController->render('index', Array)
#11 /var/www/yii/framework/web/actions/CInlineAction.php(50): PostController->actionIndex()
#12 /var/www/yii/framework/web/CController.php(300): CInlineAction->runWithParams(Array)
#13 /var/www/yii/framework/web/filters/CFilterChain.php(134): CController->runAction(Object(CInlineAction))
#14 /var/www/yii/framework/web/filters/CFilter.php(41): CFilterChain->run()
#15 /var/www/yii/framework/web/CController.php(1144): CFilter->filter(Object(CFilterChain))
#16 /var/www/yii/framework/web/filters/CInlineFilter.php(59): CController->filterAccessControl(Object(CFilterChain))
#17 /var/www/yii/framework/web/filters/CFilterChain.php(131): CInlineFilter->filter(Object(CFilterChain))
#18 /var/www/yii/framework/web/CController.php(283): CFilterChain->run()
#19 /var/www/yii/framework/web/CController.php(257): CController->runActionWithFilters(Object(CInlineAction), Array)
#20 /var/www/yii/framework/web/CWebApplication.php(277): CController->run('')
#21 /var/www/yii/framework/web/CWebApplication.php(136): CWebApplication->runController('')
#22 /var/www/yii/framework/base/CApplication.php(158): CWebApplication->processRequest()
#23 /var/www/blog/index.php(13): CApplication->run()
#24 {main} REQUEST_URI=/blog/
